# Preference setting overrides
gui_create_pref_key -category {Globals} -key {load_detail_for_funcov} -value_type {bool} -value {false}

# State setting overrides
gui_state_default_create -off -ini
gui_set_state_value -category Layout -key child_console_size_x -value 1919
gui_set_state_value -category Layout -key child_console_size_y -value 761
gui_set_state_value -category Layout -key child_data_size_x -value 170
gui_set_state_value -category Layout -key child_data_size_y -value 135
gui_set_state_value -category Layout -key child_hier_col3 -value {-1}
gui_set_state_value -category Layout -key child_hier_colpd -value 0
gui_set_state_value -category Layout -key child_hier_size_x -value 170
gui_set_state_value -category Layout -key child_hier_size_y -value 135
gui_set_state_value -category Layout -key child_source_pos_x -value {-2}
gui_set_state_value -category Layout -key child_source_pos_y -value {-15}
gui_set_state_value -category Layout -key child_source_size_x -value 1582
gui_set_state_value -category Layout -key child_source_size_y -value 112
gui_set_state_value -category Layout -key child_wave_colname -value 257
gui_set_state_value -category Layout -key child_wave_colvalue -value 257
gui_set_state_value -category Layout -key child_wave_left -value 519
gui_set_state_value -category Layout -key child_wave_right -value 1267
gui_set_state_value -category Layout -key main_pos_x -value 8
gui_set_state_value -category Layout -key main_pos_y -value 127
gui_set_state_value -category Layout -key main_size_x -value 1927
gui_set_state_value -category Layout -key main_size_y -value 1130
gui_set_state_value -category Layout -key stand_wave_child_pos_x -value {-2}
gui_set_state_value -category Layout -key stand_wave_child_pos_y -value {-15}
gui_set_state_value -category Layout -key stand_wave_child_size_x -value 1796
gui_set_state_value -category Layout -key stand_wave_child_size_y -value 809
gui_set_state_value -category Layout -key stand_wave_top_pos_x -value 58
gui_set_state_value -category Layout -key stand_wave_top_pos_y -value 51
gui_set_state_value -category Layout -key stand_wave_top_size_x -value 1849
gui_set_state_value -category Layout -key stand_wave_top_size_y -value 972
gui_create_state_key -category FindDialog -key m_pMatchCase -value_type bool -value false
gui_create_state_key -category FindDialog -key m_pMatchWord -value_type bool -value false
gui_create_state_key -category FindDialog -key m_pUseCombo -value_type string -value {}
gui_create_state_key -category FindDialog -key m_pWrapAround -value_type bool -value true
gui_create_state_key -category Widget_History -key dlgDumpValues|m_Combo -value_type string -value {{top.whitebox_intf.sdram_clk top.whitebox_intf.sdr_ras_n top.whitebox_intf.sdr_cas_n top.whitebox_intf.sdr_we_n}}
gui_state_default_create -off

# Begin command logging
gui_set_pref_value -category {Globals} -key {smart_resize} -value {false}
gui_set_pref_value -category {Globals} -key {smart_resize} -value {true}
gui_sim_run Ucli -exe ./simv -args {-ucligui  } -dir .
gui_sim_continue  
gui_open_window Assertion TopLevel.1
gui_sim_restart
gui_filter_assert -id Assertion.1 -show successes
gui_filter_assert -id Assertion.1 -show all
gui_sim_continue  
