19:44:36    16 -->                                                             [tcl] ucliGUI::connect -toolargs -ucligui -toolexe ./simv -pid 31313 -toolin /tmp/vcs_20181102014433_31312_gcastro..stdin -toolout /tmp/vcs_20181102014433_31312_gcastro..stdout  
19:44:36    17 -->                                                                 [tcl] set ucliGUI::state
19:44:37    18 -->                                                                     [tcl] gui_update_simulator_buttons
19:44:38    19 -->                                                                         [tcl] set ucliGUI::state
19:44:38    20 -->                                                                             [tcl] ucliCore::getToolPID
19:44:38    21 -->                                                                                 [tcl] synopsys::env hasTB
19:44:38    22 -->                                                                                     [tcl] trigger_hier_stack_context_switch 0
19:44:38    23 -->                                                                                         [tcl] synopsys::xml set_array_limit <data limit="50" />
19:44:38    24 -->                                                                                             [tcl] synopsys::xml set_depth_limit <data limit="100" />
19:44:38    25 --> ...  [tcl] synopsys::xml set_string_limit <data limit="1000" />
19:44:38    26 --> ...      [tcl] synopsys::xml set_only_active_frame <data value="1" />
19:44:38    27 --> ...          [tcl] synopsys::xml set_variable_frame_id <data value="1" />
19:44:38    28 --> ...              [tcl] synUtils::setDVEInitPhase 1
19:44:38    29 --> ...                  [tcl] gui_get_env SIMSETUP::SIMVPD
19:44:38    30 --> ...                      [tcl] synopsys::dump -type VPD -file /mnt/vol_NFS_Zener/WD_ESPEC/gcastro/mp6134_3_2018/fifo_assert/inter.vpd -locking
19:44:38    31 --> ...                          [tcl] synopsys::dump -autoflush on -fid VPD0
19:44:38    32 --> ...                              [tcl] set ::dve_fid VPD0
19:44:38    33 --> ...                                  [tcl] synUtils::setDVEInitPhase 0
19:44:38    34 --> ...                                      [tcl] ucliCore::getToolPID
19:44:38    35 --> ...                                          [tcl] synUtils::sendTool -active _icl_setToolSocket /tmp/smlnpxJqY5P
19:44:38    36 --> ...                                              [tcl] synUtils::sendTool -active {_icl_start_rpc -version "M-2017.03_Full64" -sync_file /tmp/vcs_dve_rpc.gcastro.31313}
19:44:38    37 --> ...                                                  [tcl] synUtils::sendTool -active {_icl_createSharedMemory /tmp/vcs_dve_general.gcastro.31313}
19:44:38    38 --> ...                                                      [tcl] dveMisc::vbusExpand top
19:44:38    39 --> ...                                                          [tcl] dveMisc::vbusExpand _vcs_unit__3732619767
19:44:38    40 --> ...                                                              [tcl] config endofsim noexit
19:44:38    41 --> ...                                                                  [tcl] config onfail enable all
19:44:38    42 --> ...                                                                      [tcl] config syscaddplainmembers
19:44:39    43 --> ...                                                                          [tcl] config syscaddsourcenames
19:44:39    44 --> ...                                                                              [tcl] config syscaddstructtypes
19:44:39    45 --> ...                                                                                  [tcl] synopsys::listing -disable
19:44:48    46 --> ...                                                                                      [tcl] dveMisc::vbusExpand top.assertion
19:44:58    47 --> ...                                                                                          [tcl] ucliGUI::vpdAddHierarchy -scope "" -depth 0 -file /mnt/vol_NFS_Zener/WD_ESPEC/gcastro/mp6134_3_2018/fifo_assert/inter.vpd; synopsys::dump -flush VPD0
19:45:20    48 --> ...                                                                                              [tcl] dump -add { top } -depth 0 -scope "."
19:45:28    49 --> ...                                                                                                  [tcl] synopsys::dump -add {top.assertion} -scope "." -depth 1 -fid VPD0
19:45:40    50 --> ...  [tcl] synopsys::run
19:45:40    51 --> ...      [tcl] set ucliGUI::state
19:45:40    52 --> ...          [tcl] gui_update_simulator_buttons
19:45:40    53 --> ...              [tcl] set ucliGUI::state
19:45:40    54 --> ...                  [tcl] set ucliGUI::state
19:45:40    55 --> ...                      [tcl] set ucliGUI::state
19:45:40    56 --> ...                          [tcl] catch {senv activeDomain} dveMisc::result 
19:45:40    57 --> ...                              [tcl] set dveMisc::result
19:45:40    58 --> ...                                  [tcl] gui_update_simulator_buttons
19:45:40    59 --> ...                                      [tcl] synopsys::xml get_stop_data
19:45:40    60 --> ...                                          [tcl] synopsys::xml {frames <data updateType="preserve" itemId="none" viewId="Stack.1" />}
19:45:40    61 --> ...                                              [tcl] synopsys::xml {locals <data updateType="preserve" itemId="none" frame_id="frame(6:0:1)" viewId="Local.1" />}
19:47:27    62 --> ...                                                  [tcl] ucliGUI::getSignalValues -scope top.assertion -radix {binary } -list {top.dut.full }
20:07:43    63 --> ...                                                      [tcl] eval $tcl_prompt1
20:07:43    64 --> ...                                                          [tcl] ucliCore::getToolPID
20:07:43    65 --> ...                                                              [tcl] ucliCore::_closeTool
